<?xml version="1.0" encoding="UTF-8"?>
<testng-results ignored="0" total="1" passed="1" failed="0" skipped="0">
  <reporter-output>
  </reporter-output>
  <suite started-at="2022-09-11T16:21:46 IST" name="Default suite" finished-at="2022-09-11T16:23:36 IST" duration-ms="109619">
    <groups>
    </groups>
    <test started-at="2022-09-11T16:21:46 IST" name="Default test" finished-at="2022-09-11T16:23:36 IST" duration-ms="109619">
      <class name="com.qa.testcases.RoughTest">
        <test-method is-config="true" signature="setUp()[pri:0, instance:com.qa.testcases.RoughTest@3bb9a3ff]" started-at="2022-09-11T16:21:46 IST" name="setUp" finished-at="2022-09-11T16:22:19 IST" duration-ms="32483" status="PASS">
          <reporter-output>
          </reporter-output>
        </test-method> <!-- setUp -->
        <test-method signature="AmazonURl()[pri:0, instance:com.qa.testcases.RoughTest@3bb9a3ff]" started-at="2022-09-11T16:22:19 IST" name="AmazonURl" finished-at="2022-09-11T16:23:35 IST" duration-ms="76837" status="PASS">
          <reporter-output>
          </reporter-output>
        </test-method> <!-- AmazonURl -->
      </class> <!-- com.qa.testcases.RoughTest -->
    </test> <!-- Default test -->
  </suite> <!-- Default suite -->
</testng-results>
