<?xml version="1.0" encoding="UTF-8"?>
<testng-results ignored="0" total="1" passed="1" failed="0" skipped="0">
  <reporter-output>
  </reporter-output>
  <suite started-at="2022-09-12T13:49:39 IST" name="Default suite" finished-at="2022-09-12T13:51:14 IST" duration-ms="94973">
    <groups>
    </groups>
    <test started-at="2022-09-12T13:49:39 IST" name="Default test" finished-at="2022-09-12T13:51:14 IST" duration-ms="94973">
      <class name="com.qa.testcases.RoughTest">
        <test-method is-config="true" signature="setUp()[pri:0, instance:com.qa.testcases.RoughTest@3bb9a3ff]" started-at="2022-09-12T13:49:39 IST" name="setUp" finished-at="2022-09-12T13:50:01 IST" duration-ms="21799" status="PASS">
          <reporter-output>
          </reporter-output>
        </test-method> <!-- setUp -->
        <test-method signature="AmazonURl()[pri:0, instance:com.qa.testcases.RoughTest@3bb9a3ff]" started-at="2022-09-12T13:50:01 IST" name="AmazonURl" finished-at="2022-09-12T13:51:14 IST" duration-ms="72959" status="PASS">
          <reporter-output>
          </reporter-output>
        </test-method> <!-- AmazonURl -->
      </class> <!-- com.qa.testcases.RoughTest -->
    </test> <!-- Default test -->
  </suite> <!-- Default suite -->
</testng-results>
